<?xml version="1.0" encoding="UTF-8"?>
<!-- Generated by org.testng.reporters.JUnitXMLReporter -->
<testsuite ignored="0" hostname="LAPTOP-0CLFMHD0" failures="0" tests="3" name="Surefire test" time="40.792" errors="0" timestamp="2023-11-30T22:19:12 IST">
  <testcase classname="AutomationProject.com.AutomationProject.TestClass1" name="Test1" time="1.702"/>
  <testcase classname="AutomationProject.com.AutomationProject.TestClass1" name="Test2" time="1.645"/>
  <testcase classname="AutomationProject.com.AutomationProject.TestClass1" name="Test3" time="33.498"/>
</testsuite> <!-- Surefire test -->
