<?xml version="1.0" encoding="UTF-8"?>
<!-- Generated by org.testng.reporters.JUnitXMLReporter -->
<testsuite ignored="0" hostname="LAPTOP-0CLFMHD0" failures="0" tests="3" name="Default test" time="8.818" errors="0" timestamp="2023-11-30T22:03:35 IST">
  <testcase classname="AutomationProject.com.AutomationProject.TestClass1" name="Test1" time="1.178"/>
  <testcase classname="AutomationProject.com.AutomationProject.TestClass1" name="Test2" time="1.196"/>
  <testcase classname="AutomationProject.com.AutomationProject.TestClass1" name="Test3" time="2.651"/>
</testsuite> <!-- Default test -->
