<?xml version="1.0" encoding="UTF-8"?>
<testng-results ignored="0" total="3" passed="3" failed="0" skipped="0">
  <reporter-output>
  </reporter-output>
  <suite started-at="2023-11-30T22:18:32 IST" name="Surefire suite" finished-at="2023-11-30T22:19:12 IST" duration-ms="40792">
    <groups>
    </groups>
    <test started-at="2023-11-30T22:18:32 IST" name="Surefire test" finished-at="2023-11-30T22:19:12 IST" duration-ms="40792">
      <class name="AutomationProject.com.AutomationProject.TestClass1">
        <test-method is-config="true" signature="launchDriver()[pri:0, instance:AutomationProject.com.AutomationProject.TestClass1@1613674b]" started-at="2023-11-30T22:18:32 IST" name="launchDriver" finished-at="2023-11-30T22:18:34 IST" duration-ms="2000" status="PASS">
          <reporter-output>
          </reporter-output>
        </test-method> <!-- launchDriver -->
        <test-method signature="Test1()[pri:0, instance:AutomationProject.com.AutomationProject.TestClass1@1613674b]" started-at="2023-11-30T22:18:34 IST" name="Test1" finished-at="2023-11-30T22:18:35 IST" duration-ms="1702" status="PASS">
          <reporter-output>
          </reporter-output>
        </test-method> <!-- Test1 -->
        <test-method is-config="true" signature="quite()[pri:0, instance:AutomationProject.com.AutomationProject.TestClass1@1613674b]" started-at="2023-11-30T22:18:35 IST" name="quite" finished-at="2023-11-30T22:18:35 IST" duration-ms="106" status="PASS">
          <reporter-output>
          </reporter-output>
        </test-method> <!-- quite -->
        <test-method is-config="true" signature="launchDriver()[pri:0, instance:AutomationProject.com.AutomationProject.TestClass1@1613674b]" started-at="2023-11-30T22:18:35 IST" name="launchDriver" finished-at="2023-11-30T22:18:36 IST" duration-ms="790" status="PASS">
          <reporter-output>
          </reporter-output>
        </test-method> <!-- launchDriver -->
        <test-method signature="Test2()[pri:0, instance:AutomationProject.com.AutomationProject.TestClass1@1613674b]" started-at="2023-11-30T22:18:36 IST" name="Test2" finished-at="2023-11-30T22:18:38 IST" duration-ms="1645" status="PASS">
          <reporter-output>
          </reporter-output>
        </test-method> <!-- Test2 -->
        <test-method is-config="true" signature="quite()[pri:0, instance:AutomationProject.com.AutomationProject.TestClass1@1613674b]" started-at="2023-11-30T22:18:38 IST" name="quite" finished-at="2023-11-30T22:18:38 IST" duration-ms="104" status="PASS">
          <reporter-output>
          </reporter-output>
        </test-method> <!-- quite -->
        <test-method is-config="true" signature="launchDriver()[pri:0, instance:AutomationProject.com.AutomationProject.TestClass1@1613674b]" started-at="2023-11-30T22:18:38 IST" name="launchDriver" finished-at="2023-11-30T22:18:39 IST" duration-ms="800" status="PASS">
          <reporter-output>
          </reporter-output>
        </test-method> <!-- launchDriver -->
        <test-method signature="Test3()[pri:0, instance:AutomationProject.com.AutomationProject.TestClass1@1613674b]" started-at="2023-11-30T22:18:39 IST" name="Test3" finished-at="2023-11-30T22:19:12 IST" duration-ms="33498" status="PASS">
          <reporter-output>
          </reporter-output>
        </test-method> <!-- Test3 -->
        <test-method is-config="true" signature="quite()[pri:0, instance:AutomationProject.com.AutomationProject.TestClass1@1613674b]" started-at="2023-11-30T22:19:12 IST" name="quite" finished-at="2023-11-30T22:19:12 IST" duration-ms="96" status="PASS">
          <reporter-output>
          </reporter-output>
        </test-method> <!-- quite -->
      </class> <!-- AutomationProject.com.AutomationProject.TestClass1 -->
    </test> <!-- Surefire test -->
  </suite> <!-- Surefire suite -->
</testng-results>
