<?xml version="1.0" encoding="UTF-8"?>
<testng-results ignored="0" total="3" passed="3" failed="0" skipped="0">
  <reporter-output>
  </reporter-output>
  <suite started-at="2023-11-30T22:03:26 IST" name="Default suite" finished-at="2023-11-30T22:03:35 IST" duration-ms="8818">
    <groups>
    </groups>
    <test started-at="2023-11-30T22:03:26 IST" name="Default test" finished-at="2023-11-30T22:03:35 IST" duration-ms="8818">
      <class name="AutomationProject.com.AutomationProject.TestClass1">
        <test-method is-config="true" signature="launchDriver()[pri:0, instance:AutomationProject.com.AutomationProject.TestClass1@5db6b9cd]" started-at="2023-11-30T22:03:26 IST" name="launchDriver" finished-at="2023-11-30T22:03:28 IST" duration-ms="1781" status="PASS">
          <reporter-output>
          </reporter-output>
        </test-method> <!-- launchDriver -->
        <test-method signature="Test1()[pri:0, instance:AutomationProject.com.AutomationProject.TestClass1@5db6b9cd]" started-at="2023-11-30T22:03:28 IST" name="Test1" finished-at="2023-11-30T22:03:29 IST" duration-ms="1178" status="PASS">
          <reporter-output>
          </reporter-output>
        </test-method> <!-- Test1 -->
        <test-method is-config="true" signature="quite()[pri:0, instance:AutomationProject.com.AutomationProject.TestClass1@5db6b9cd]" started-at="2023-11-30T22:03:29 IST" name="quite" finished-at="2023-11-30T22:03:29 IST" duration-ms="114" status="PASS">
          <reporter-output>
          </reporter-output>
        </test-method> <!-- quite -->
        <test-method is-config="true" signature="launchDriver()[pri:0, instance:AutomationProject.com.AutomationProject.TestClass1@5db6b9cd]" started-at="2023-11-30T22:03:29 IST" name="launchDriver" finished-at="2023-11-30T22:03:30 IST" duration-ms="798" status="PASS">
          <reporter-output>
          </reporter-output>
        </test-method> <!-- launchDriver -->
        <test-method signature="Test2()[pri:0, instance:AutomationProject.com.AutomationProject.TestClass1@5db6b9cd]" started-at="2023-11-30T22:03:30 IST" name="Test2" finished-at="2023-11-30T22:03:31 IST" duration-ms="1196" status="PASS">
          <reporter-output>
          </reporter-output>
        </test-method> <!-- Test2 -->
        <test-method is-config="true" signature="quite()[pri:0, instance:AutomationProject.com.AutomationProject.TestClass1@5db6b9cd]" started-at="2023-11-30T22:03:31 IST" name="quite" finished-at="2023-11-30T22:03:31 IST" duration-ms="109" status="PASS">
          <reporter-output>
          </reporter-output>
        </test-method> <!-- quite -->
        <test-method is-config="true" signature="launchDriver()[pri:0, instance:AutomationProject.com.AutomationProject.TestClass1@5db6b9cd]" started-at="2023-11-30T22:03:31 IST" name="launchDriver" finished-at="2023-11-30T22:03:32 IST" duration-ms="825" status="PASS">
          <reporter-output>
          </reporter-output>
        </test-method> <!-- launchDriver -->
        <test-method signature="Test3()[pri:0, instance:AutomationProject.com.AutomationProject.TestClass1@5db6b9cd]" started-at="2023-11-30T22:03:32 IST" name="Test3" finished-at="2023-11-30T22:03:35 IST" duration-ms="2651" status="PASS">
          <reporter-output>
          </reporter-output>
        </test-method> <!-- Test3 -->
        <test-method is-config="true" signature="quite()[pri:0, instance:AutomationProject.com.AutomationProject.TestClass1@5db6b9cd]" started-at="2023-11-30T22:03:35 IST" name="quite" finished-at="2023-11-30T22:03:35 IST" duration-ms="107" status="PASS">
          <reporter-output>
          </reporter-output>
        </test-method> <!-- quite -->
      </class> <!-- AutomationProject.com.AutomationProject.TestClass1 -->
    </test> <!-- Default test -->
  </suite> <!-- Default suite -->
</testng-results>
